<?xml version="1.0" encoding="UTF-8"?>
<!-- Generated by org.testng.reporters.JUnitXMLReporter -->
<testsuite ignored="0" hostname="DESKTOP-1H4CNVS" failures="0" tests="6" name="Test213" time="3.076" errors="0" timestamp="2023-02-09T11:58:31 IST">
  <testcase classname="testNgPackage.TestNgClass3" name="test2" time="0.006"/>
  <testcase classname="testNgPackage.TestNgClass3" name="test2" time="0.002"/>
  <testcase classname="testNgPackage.TestNgClass3" name="text3" time="0.001"/>
  <testcase classname="testNgPackage.TestNgClass3" name="test1" time="0.001"/>
  <testcase classname="testNgPackage.TestNgClass3" name="test" time="0.002"/>
  <testcase classname="testNgPackage.TestNgClass" name="verifyTermLink" time="0.553"/>
</testsuite> <!-- Test213 -->
