<?xml version="1.0" encoding="UTF-8"?>
<testng-results ignored="0" total="1" passed="1" failed="0" skipped="0">
  <reporter-output>
  </reporter-output>
  <suite started-at="2023-02-15T15:29:40 IST" name="Default suite" finished-at="2023-02-15T15:29:44 IST" duration-ms="3190">
    <groups>
    </groups>
    <test started-at="2023-02-15T15:29:40 IST" name="Default test" finished-at="2023-02-15T15:29:44 IST" duration-ms="3190">
      <class name="testNgPackage.TestNgClass2">
        <test-method is-config="true" signature="launchtheBrowser()[pri:0, instance:testNgPackage.TestNgClass2@28eaa59a]" started-at="2023-02-15T15:29:40 IST" name="launchtheBrowser" finished-at="2023-02-15T15:29:42 IST" duration-ms="1259" status="PASS">
          <reporter-output>
          </reporter-output>
        </test-method> <!-- launchtheBrowser -->
        <test-method is-config="true" signature="createPomObjects()[pri:0, instance:testNgPackage.TestNgClass2@28eaa59a]" started-at="2023-02-15T15:29:42 IST" name="createPomObjects" finished-at="2023-02-15T15:29:42 IST" duration-ms="32" status="PASS">
          <reporter-output>
          </reporter-output>
        </test-method> <!-- createPomObjects -->
        <test-method is-config="true" signature="loginPageoFacebook()[pri:0, instance:testNgPackage.TestNgClass2@28eaa59a]" started-at="2023-02-15T15:29:42 IST" name="loginPageoFacebook" finished-at="2023-02-15T15:29:44 IST" duration-ms="1747" status="PASS">
          <reporter-output>
          </reporter-output>
        </test-method> <!-- loginPageoFacebook -->
        <test-method signature="loginPageofFacebook()[pri:0, instance:testNgPackage.TestNgClass2@28eaa59a]" started-at="2023-02-15T15:29:44 IST" name="loginPageofFacebook" finished-at="2023-02-15T15:29:44 IST" duration-ms="115" status="PASS">
          <reporter-output>
          </reporter-output>
        </test-method> <!-- loginPageofFacebook -->
      </class> <!-- testNgPackage.TestNgClass2 -->
    </test> <!-- Default test -->
  </suite> <!-- Default suite -->
</testng-results>
