<?xml version="1.0" encoding="UTF-8"?>
<!-- Generated by org.testng.reporters.JUnitXMLReporter -->
<testsuite ignored="0" hostname="DESKTOP-1H4CNVS" failures="0" tests="6" name="Test345" time="3.205" errors="0" timestamp="2023-02-11T00:01:26 IST">
  <testcase classname="testNgPackage.TestNgClass3" name="test2" time="0.006"/>
  <testcase classname="testNgPackage.TestNgClass3" name="test2" time="0.001"/>
  <testcase classname="testNgPackage.TestNgClass3" name="text3" time="0.001"/>
  <testcase classname="testNgPackage.TestNgClass3" name="test1" time="0.001"/>
  <testcase classname="testNgPackage.TestNgClass3" name="test" time="0.001"/>
  <testcase classname="testNgPackage.TestNgInstagrams" name="verifyTermLink" time="0.607"/>
</testsuite> <!-- Test345 -->
