<?xml version="1.0" encoding="UTF-8"?>
<!-- Generated by org.testng.reporters.JUnitXMLReporter -->
<testsuite ignored="1" hostname="DESKTOP-1H4CNVS" failures="1" tests="1" name="Default test(failed)" time="5.248" errors="0" timestamp="2023-02-11T00:17:53 IST">
  <testcase classname="testNgPackage.TestNgInstagrams" name="verifyPrivacyPolicyLink" time="0.009">
    <failure type="java.lang.NullPointerException" message="Cannot invoke &amp;quot;pomClasses.OpenSingUpPage.clickPrivaypolicy()&amp;quot; because &amp;quot;this.openSingUpPage&amp;quot; is null">
      <![CDATA[java.lang.NullPointerException: Cannot invoke "pomClasses.OpenSingUpPage.clickPrivaypolicy()" because "this.openSingUpPage" is null
at testNgPackage.TestNgInstagrams.verifyPrivacyPolicyLink(TestNgInstagrams.java:83)
at java.base/java.util.ArrayList.forEach(ArrayList.java:1511)
... Removed 25 stack frames]]>
    </failure>
  </testcase> <!-- verifyPrivacyPolicyLink -->
  <testcase classname="testNgPackage.TestNgInstagrams" name="verifyTermLink" time="0.0">
    <ignored/>
  </testcase> <!-- verifyTermLink -->
</testsuite> <!-- Default test(failed) -->
